Arguments: 
  C:\Program Files\nodejs\node.exe C:\Program Files (x86)\Yarn\bin\yarn.js start

PATH: 
  C:\Program Files\Docker\Docker\Resources\bin;C:\Windows\system32;C:\Windows;C:\Windows\System32\Wbem;C:\Windows\System32\WindowsPowerShell\v1.0\;C:\Program Files (x86)\NVIDIA Corporation\PhysX\Common;C:\Program Files\Git\cmd;C:\php\7.2;C:\ProgramData\ComposerSetup\bin;C:\Program Files\nodejs\;C:\Program Files (x86)\Yarn\bin;C:\Program Files\erl9.2\bin;C:\Program Files (x86)\Elixir\bin;C:\Windows\system32\config\systemprofile\.mix\escripts;C:\Users\ivan.valentinov\AppData\Local\Microsoft\WindowsApps;C:\CMDER;C:\Program Files\Microsoft VS Code\bin;C:\Users\ivan.valentinov\AppData\Roaming\Composer\vendor\bin;C:\Users\ivan.valentinov\AppData\Roaming\npm;C:\Users\ivan.valentinov\AppData\Local\Yarn\bin;C:\ProgramData\ivan.valentinov\atom\bin;C:\Users\ivan.valentinov\AppData\Local\atom\bin

Yarn version: 
  1.3.2

Node version: 
  8.9.4

Platform: 
  win32 x64

npm manifest: 
  {
    "name": "prop",
    "version": "1.0.0",
    "description": "Loopsi",
    "main": "index.js",
    "config": {
      "reload": true,
      "port": 3001
    },
    "scripts": {
      "start": "npm run serve --port=$npm_config_port",
    },